mode: set
github.com/artziel/go-console/samples/command/command.go:15.13,26.39 1 0
github.com/artziel/go-console/samples/command/command.go:49.2,49.35 1 0
github.com/artziel/go-console/samples/command/command.go:26.39,30.6 3 0
github.com/artziel/go-console/samples/command/command.go:40.39,44.6 3 0
github.com/artziel/go-console/samples/command/command.go:49.35,51.3 1 0
github.com/artziel/go-console/decorators.go:8.20,10.2 1 0
github.com/artziel/go-console/select_component.go:7.68,8.22 1 0
github.com/artziel/go-console/select_component.go:14.2,14.10 1 0
github.com/artziel/go-console/select_component.go:8.22,10.3 1 0
github.com/artziel/go-console/select_component.go:10.8,13.3 1 0
github.com/artziel/go-console/select_component.go:17.42,19.31 1 0
github.com/artziel/go-console/select_component.go:19.31,21.3 1 0
github.com/artziel/go-console/select_component.go:24.55,29.6 3 0
github.com/artziel/go-console/select_component.go:29.6,31.35 2 0
github.com/artziel/go-console/select_component.go:31.35,33.4 1 0
github.com/artziel/go-console/select_component.go:37.50,43.2 2 0
github.com/artziel/go-console/spinner_component.go:23.26,26.19 2 0
github.com/artziel/go-console/spinner_component.go:30.2,34.37 4 0
github.com/artziel/go-console/spinner_component.go:26.19,28.3 1 0
github.com/artziel/go-console/spinner_component.go:34.37,36.3 1 0
github.com/artziel/go-console/spinner_component.go:39.58,43.2 2 0
github.com/artziel/go-console/spinner_component.go:45.53,49.2 2 0
github.com/artziel/go-console/spinner_component.go:51.51,55.2 2 0
github.com/artziel/go-console/spinner_component.go:57.51,71.34 4 0
github.com/artziel/go-console/spinner_component.go:75.2,75.10 1 0
github.com/artziel/go-console/spinner_component.go:71.34,73.3 1 0
github.com/artziel/go-console/spinner_component.go:78.26,81.2 2 0
github.com/artziel/go-console/spinner_component.go:83.27,85.2 1 0
github.com/artziel/go-console/spinner_component.go:87.27,90.33 2 0
github.com/artziel/go-console/spinner_component.go:96.2,96.28 1 0
github.com/artziel/go-console/spinner_component.go:90.33,91.32 1 0
github.com/artziel/go-console/spinner_component.go:91.32,93.4 1 0
github.com/artziel/go-console/spinner_component.go:96.28,98.7 2 0
github.com/artziel/go-console/spinner_component.go:98.7,99.11 1 0
github.com/artziel/go-console/spinner_component.go:100.18,103.11 3 0
github.com/artziel/go-console/spinner_component.go:104.12,106.24 2 0
github.com/artziel/go-console/utilities.go:13.26,18.2 4 0
github.com/artziel/go-console/utilities.go:20.20,25.47 4 0
github.com/artziel/go-console/utilities.go:29.2,29.10 1 0
github.com/artziel/go-console/utilities.go:25.47,27.3 1 0
github.com/artziel/go-console/utilities.go:32.31,36.2 3 0
github.com/artziel/go-console/utilities.go:38.25,42.2 3 0
github.com/artziel/go-console/utilities.go:44.23,48.2 3 0
github.com/artziel/go-console/utilities.go:50.14,57.8 3 0
github.com/artziel/go-console/utilities.go:57.8,59.3 1 0
github.com/artziel/go-console/utilities.go:62.50,67.29 4 0
github.com/artziel/go-console/utilities.go:76.2,78.15 2 0
github.com/artziel/go-console/utilities.go:67.29,68.52 1 0
github.com/artziel/go-console/utilities.go:68.52,71.4 2 0
github.com/artziel/go-console/utilities.go:71.9,73.4 1 0
github.com/artziel/go-console/utilities.go:81.52,86.23 3 0
github.com/artziel/go-console/utilities.go:90.2,90.15 1 0
github.com/artziel/go-console/utilities.go:86.23,88.3 1 0
github.com/artziel/go-console/utilities.go:93.44,95.2 1 0
github.com/artziel/go-console/utilities.go:97.24,99.2 1 0
github.com/artziel/go-console/utilities.go:101.26,103.2 1 0
github.com/artziel/go-console/utilities.go:105.51,107.2 1 0
github.com/artziel/go-console/command.go:35.48,38.30 2 1
github.com/artziel/go-console/command.go:42.2,42.31 1 1
github.com/artziel/go-console/command.go:46.2,46.53 1 1
github.com/artziel/go-console/command.go:49.2,49.23 1 1
github.com/artziel/go-console/command.go:38.30,40.3 1 0
github.com/artziel/go-console/command.go:42.31,44.3 1 0
github.com/artziel/go-console/command.go:46.53,48.3 1 0
github.com/artziel/go-console/command.go:52.61,56.20 3 1
github.com/artziel/go-console/command.go:60.2,62.13 3 1
github.com/artziel/go-console/command.go:65.2,66.20 2 1
github.com/artziel/go-console/command.go:70.2,71.13 2 1
github.com/artziel/go-console/command.go:74.2,77.13 3 1
github.com/artziel/go-console/command.go:80.2,81.19 2 1
github.com/artziel/go-console/command.go:84.2,86.23 2 1
github.com/artziel/go-console/command.go:90.2,90.28 1 1
github.com/artziel/go-console/command.go:106.2,106.16 1 1
github.com/artziel/go-console/command.go:56.20,58.3 1 0
github.com/artziel/go-console/command.go:62.13,64.3 1 0
github.com/artziel/go-console/command.go:66.20,68.3 1 0
github.com/artziel/go-console/command.go:71.13,73.3 1 0
github.com/artziel/go-console/command.go:77.13,79.3 1 0
github.com/artziel/go-console/command.go:81.19,83.3 1 0
github.com/artziel/go-console/command.go:86.23,88.3 1 0
github.com/artziel/go-console/command.go:90.28,94.20 4 1
github.com/artziel/go-console/command.go:98.3,98.14 1 1
github.com/artziel/go-console/command.go:94.20,96.4 1 1
github.com/artziel/go-console/command.go:99.15,100.17 1 1
github.com/artziel/go-console/command.go:101.16,102.18 1 1
github.com/artziel/go-console/command.go:109.67,111.53 1 1
github.com/artziel/go-console/command.go:115.2,115.14 1 1
github.com/artziel/go-console/command.go:119.2,122.22 3 1
github.com/artziel/go-console/command.go:126.2,131.36 5 1
github.com/artziel/go-console/command.go:152.2,153.16 2 1
github.com/artziel/go-console/command.go:157.2,157.36 1 1
github.com/artziel/go-console/command.go:176.2,176.12 1 1
github.com/artziel/go-console/command.go:111.53,113.3 1 0
github.com/artziel/go-console/command.go:115.14,117.3 1 0
github.com/artziel/go-console/command.go:122.22,124.3 1 0
github.com/artziel/go-console/command.go:131.36,133.17 2 1
github.com/artziel/go-console/command.go:133.17,135.20 2 1
github.com/artziel/go-console/command.go:136.24,139.82 3 1
github.com/artziel/go-console/command.go:140.22,143.81 3 1
github.com/artziel/go-console/command.go:144.80,147.79 3 1
github.com/artziel/go-console/command.go:153.16,155.3 1 0
github.com/artziel/go-console/command.go:157.36,159.19 2 1
github.com/artziel/go-console/command.go:160.23,161.55 1 1
github.com/artziel/go-console/command.go:164.21,165.56 1 1
github.com/artziel/go-console/command.go:168.79,169.55 1 1
github.com/artziel/go-console/command.go:161.55,163.5 1 1
github.com/artziel/go-console/command.go:165.56,167.5 1 1
github.com/artziel/go-console/command.go:169.55,172.5 2 1
github.com/artziel/go-console/command.go:179.36,181.21 2 1
github.com/artziel/go-console/command.go:186.2,186.20 1 1
github.com/artziel/go-console/command.go:202.2,202.13 1 1
github.com/artziel/go-console/command.go:181.21,184.3 1 1
github.com/artziel/go-console/command.go:186.20,190.23 3 1
github.com/artziel/go-console/command.go:194.3,194.37 1 1
github.com/artziel/go-console/command.go:190.23,192.4 1 0
github.com/artziel/go-console/command.go:194.37,196.18 2 1
github.com/artziel/go-console/command.go:196.18,198.5 1 1
github.com/artziel/go-console/components.go:5.27,21.2 2 0
github.com/artziel/go-console/components.go:23.27,27.26 3 0
github.com/artziel/go-console/components.go:31.2,36.17 2 0
github.com/artziel/go-console/components.go:27.26,29.3 1 0
github.com/artziel/go-console/components.go:39.27,43.26 3 0
github.com/artziel/go-console/components.go:47.2,52.17 2 0
github.com/artziel/go-console/components.go:43.26,45.3 1 0
github.com/artziel/go-console/components.go:55.27,59.26 3 0
github.com/artziel/go-console/components.go:63.2,68.17 2 0
github.com/artziel/go-console/components.go:59.26,61.3 1 0
github.com/artziel/go-console/components.go:71.27,75.26 3 0
github.com/artziel/go-console/components.go:79.2,84.17 2 0
github.com/artziel/go-console/components.go:75.26,77.3 1 0
github.com/artziel/go-console/components.go:87.27,91.26 3 0
github.com/artziel/go-console/components.go:95.2,100.17 2 0
github.com/artziel/go-console/components.go:91.26,93.3 1 0
github.com/artziel/go-console/components.go:103.27,107.26 3 0
github.com/artziel/go-console/components.go:111.2,116.17 2 0
github.com/artziel/go-console/components.go:107.26,109.3 1 0
github.com/artziel/go-console/components.go:119.27,123.26 3 0
github.com/artziel/go-console/components.go:127.2,132.17 2 0
github.com/artziel/go-console/components.go:123.26,125.3 1 0
github.com/artziel/go-console/components.go:135.27,139.26 3 0
github.com/artziel/go-console/components.go:143.2,148.17 2 0
github.com/artziel/go-console/components.go:139.26,141.3 1 0
github.com/artziel/go-console/colors.go:36.33,53.25 3 1
github.com/artziel/go-console/colors.go:139.2,141.18 3 1
github.com/artziel/go-console/colors.go:53.25,54.12 1 1
github.com/artziel/go-console/colors.go:55.16,56.62 1 1
github.com/artziel/go-console/colors.go:57.18,58.65 1 1
github.com/artziel/go-console/colors.go:59.15,60.63 1 1
github.com/artziel/go-console/colors.go:61.18,62.64 1 1
github.com/artziel/go-console/colors.go:64.14,65.62 1 1
github.com/artziel/go-console/colors.go:66.16,67.64 1 1
github.com/artziel/go-console/colors.go:68.17,69.65 1 1
github.com/artziel/go-console/colors.go:70.15,71.63 1 1
github.com/artziel/go-console/colors.go:72.15,73.63 1 1
github.com/artziel/go-console/colors.go:74.17,75.65 1 1
github.com/artziel/go-console/colors.go:76.16,77.64 1 1
github.com/artziel/go-console/colors.go:79.24,80.72 1 1
github.com/artziel/go-console/colors.go:81.26,82.74 1 1
github.com/artziel/go-console/colors.go:83.27,84.75 1 1
github.com/artziel/go-console/colors.go:85.25,86.73 1 1
github.com/artziel/go-console/colors.go:87.25,88.73 1 1
github.com/artziel/go-console/colors.go:89.27,90.75 1 1
github.com/artziel/go-console/colors.go:91.26,92.74 1 1
github.com/artziel/go-console/colors.go:94.19,95.72 1 1
github.com/artziel/go-console/colors.go:96.21,97.74 1 1
github.com/artziel/go-console/colors.go:98.22,99.75 1 1
github.com/artziel/go-console/colors.go:100.20,101.73 1 1
github.com/artziel/go-console/colors.go:102.20,103.73 1 1
github.com/artziel/go-console/colors.go:104.22,105.75 1 1
github.com/artziel/go-console/colors.go:106.21,107.74 1 1
github.com/artziel/go-console/colors.go:109.29,110.76 1 1
github.com/artziel/go-console/colors.go:111.29,112.76 1 1
github.com/artziel/go-console/colors.go:113.31,114.78 1 1
github.com/artziel/go-console/colors.go:115.31,116.78 1 1
github.com/artziel/go-console/colors.go:117.32,118.79 1 1
github.com/artziel/go-console/colors.go:119.32,120.79 1 1
github.com/artziel/go-console/colors.go:121.30,122.77 1 1
github.com/artziel/go-console/colors.go:123.30,124.77 1 1
github.com/artziel/go-console/colors.go:125.30,126.77 1 1
github.com/artziel/go-console/colors.go:127.30,128.77 1 1
github.com/artziel/go-console/colors.go:129.32,130.79 1 1
github.com/artziel/go-console/colors.go:131.32,132.79 1 1
github.com/artziel/go-console/colors.go:133.31,134.78 1 1
github.com/artziel/go-console/colors.go:135.31,136.78 1 1
github.com/artziel/go-console/samples/spinner/spinner.go:10.13,23.35 2 0
github.com/artziel/go-console/samples/spinner/spinner.go:23.35,28.3 4 0
github.com/artziel/go-console/bash.go:19.40,21.2 1 0
github.com/artziel/go-console/bash.go:23.48,25.51 2 0
github.com/artziel/go-console/bash.go:31.2,31.10 1 0
github.com/artziel/go-console/bash.go:25.51,26.15 1 0
github.com/artziel/go-console/bash.go:29.3,29.29 1 0
github.com/artziel/go-console/bash.go:26.15,28.4 1 0
github.com/artziel/go-console/bash.go:34.36,43.22 3 0
github.com/artziel/go-console/bash.go:49.2,52.16 4 0
github.com/artziel/go-console/bash.go:63.2,63.16 1 0
github.com/artziel/go-console/bash.go:43.22,45.3 1 0
github.com/artziel/go-console/bash.go:45.8,47.3 1 0
github.com/artziel/go-console/bash.go:52.16,61.3 2 0
github.com/artziel/go-console/bash.go:66.67,71.2 1 0
github.com/artziel/go-console/confirm_component.go:18.42,22.6 3 0
github.com/artziel/go-console/confirm_component.go:22.6,27.44 4 0
github.com/artziel/go-console/confirm_component.go:27.44,29.4 1 0
github.com/artziel/go-console/confirm_component.go:29.9,29.50 1 0
github.com/artziel/go-console/confirm_component.go:29.50,31.4 1 0
github.com/artziel/go-console/confirm_component.go:31.9,33.4 1 0
github.com/artziel/go-console/confirm_component.go:37.71,44.2 2 0
github.com/artziel/go-console/root.go:14.28,17.2 2 0
github.com/artziel/go-console/root.go:19.41,23.19 3 1
github.com/artziel/go-console/root.go:35.2,35.41 1 1
github.com/artziel/go-console/root.go:39.2,40.45 2 1
github.com/artziel/go-console/root.go:44.2,44.12 1 1
github.com/artziel/go-console/root.go:23.19,24.43 1 1
github.com/artziel/go-console/root.go:29.3,29.65 1 1
github.com/artziel/go-console/root.go:24.43,27.4 2 0
github.com/artziel/go-console/root.go:29.65,32.4 2 1
github.com/artziel/go-console/root.go:35.41,37.3 1 0
github.com/artziel/go-console/root.go:40.45,42.3 1 0
github.com/artziel/go-console/root.go:47.30,49.35 2 1
github.com/artziel/go-console/root.go:58.2,58.13 1 1
github.com/artziel/go-console/root.go:49.35,50.16 1 1
github.com/artziel/go-console/root.go:55.3,55.51 1 1
github.com/artziel/go-console/root.go:50.16,52.4 1 1
github.com/artziel/go-console/root.go:52.9,54.4 1 1
github.com/artziel/go-console/root.go:61.28,63.2 1 0
github.com/artziel/go-console/tests.go:26.36,30.3 3 1
github.com/artziel/go-console/tests.go:41.36,45.3 3 1
github.com/artziel/go-console/tests.go:48.37,50.16 2 1
github.com/artziel/go-console/tests.go:53.2,55.15 3 1
github.com/artziel/go-console/tests.go:60.2,66.12 7 1
github.com/artziel/go-console/tests.go:72.2,75.14 4 1
github.com/artziel/go-console/tests.go:50.16,51.13 1 0
github.com/artziel/go-console/tests.go:55.15,59.3 3 1
github.com/artziel/go-console/tests.go:66.12,71.3 4 1
