mode: set
github.com/artziel/go-console/tests.go:26.36,30.3 3 1
github.com/artziel/go-console/tests.go:41.36,45.3 3 1
github.com/artziel/go-console/tests.go:48.37,50.16 2 1
github.com/artziel/go-console/tests.go:53.2,55.15 3 1
github.com/artziel/go-console/tests.go:60.2,66.12 7 1
github.com/artziel/go-console/tests.go:72.2,75.14 4 1
github.com/artziel/go-console/tests.go:50.16,51.13 1 0
github.com/artziel/go-console/tests.go:55.15,59.3 3 1
github.com/artziel/go-console/tests.go:66.12,71.3 4 1
github.com/artziel/go-console/colors.go:36.33,53.25 3 1
github.com/artziel/go-console/colors.go:139.2,141.18 3 1
github.com/artziel/go-console/colors.go:53.25,54.12 1 1
github.com/artziel/go-console/colors.go:55.16,56.62 1 1
github.com/artziel/go-console/colors.go:57.18,58.65 1 1
github.com/artziel/go-console/colors.go:59.15,60.63 1 1
github.com/artziel/go-console/colors.go:61.18,62.64 1 1
github.com/artziel/go-console/colors.go:64.14,65.62 1 1
github.com/artziel/go-console/colors.go:66.16,67.64 1 1
github.com/artziel/go-console/colors.go:68.17,69.65 1 1
github.com/artziel/go-console/colors.go:70.15,71.63 1 1
github.com/artziel/go-console/colors.go:72.15,73.63 1 1
github.com/artziel/go-console/colors.go:74.17,75.65 1 1
github.com/artziel/go-console/colors.go:76.16,77.64 1 1
github.com/artziel/go-console/colors.go:79.24,80.72 1 1
github.com/artziel/go-console/colors.go:81.26,82.74 1 1
github.com/artziel/go-console/colors.go:83.27,84.75 1 1
github.com/artziel/go-console/colors.go:85.25,86.73 1 1
github.com/artziel/go-console/colors.go:87.25,88.73 1 1
github.com/artziel/go-console/colors.go:89.27,90.75 1 1
github.com/artziel/go-console/colors.go:91.26,92.74 1 1
github.com/artziel/go-console/colors.go:94.19,95.72 1 1
github.com/artziel/go-console/colors.go:96.21,97.74 1 1
github.com/artziel/go-console/colors.go:98.22,99.75 1 1
github.com/artziel/go-console/colors.go:100.20,101.73 1 1
github.com/artziel/go-console/colors.go:102.20,103.73 1 1
github.com/artziel/go-console/colors.go:104.22,105.75 1 1
github.com/artziel/go-console/colors.go:106.21,107.74 1 1
github.com/artziel/go-console/colors.go:109.29,110.76 1 1
github.com/artziel/go-console/colors.go:111.29,112.76 1 1
github.com/artziel/go-console/colors.go:113.31,114.78 1 1
github.com/artziel/go-console/colors.go:115.31,116.78 1 1
github.com/artziel/go-console/colors.go:117.32,118.79 1 1
github.com/artziel/go-console/colors.go:119.32,120.79 1 1
github.com/artziel/go-console/colors.go:121.30,122.77 1 1
github.com/artziel/go-console/colors.go:123.30,124.77 1 1
github.com/artziel/go-console/colors.go:125.30,126.77 1 1
github.com/artziel/go-console/colors.go:127.30,128.77 1 1
github.com/artziel/go-console/colors.go:129.32,130.79 1 1
github.com/artziel/go-console/colors.go:131.32,132.79 1 1
github.com/artziel/go-console/colors.go:133.31,134.78 1 1
github.com/artziel/go-console/colors.go:135.31,136.78 1 1
github.com/artziel/go-console/command.go:28.48,29.53 1 1
github.com/artziel/go-console/command.go:32.2,32.23 1 1
github.com/artziel/go-console/command.go:29.53,31.3 1 0
github.com/artziel/go-console/command.go:35.61,39.20 3 1
github.com/artziel/go-console/command.go:43.2,45.13 3 1
github.com/artziel/go-console/command.go:48.2,49.20 2 1
github.com/artziel/go-console/command.go:53.2,54.13 2 1
github.com/artziel/go-console/command.go:57.2,60.13 3 1
github.com/artziel/go-console/command.go:63.2,64.19 2 1
github.com/artziel/go-console/command.go:67.2,69.23 2 1
github.com/artziel/go-console/command.go:73.2,73.28 1 1
github.com/artziel/go-console/command.go:89.2,89.16 1 1
github.com/artziel/go-console/command.go:39.20,41.3 1 0
github.com/artziel/go-console/command.go:45.13,47.3 1 0
github.com/artziel/go-console/command.go:49.20,51.3 1 0
github.com/artziel/go-console/command.go:54.13,56.3 1 0
github.com/artziel/go-console/command.go:60.13,62.3 1 0
github.com/artziel/go-console/command.go:64.19,66.3 1 0
github.com/artziel/go-console/command.go:69.23,71.3 1 0
github.com/artziel/go-console/command.go:73.28,77.20 4 1
github.com/artziel/go-console/command.go:81.3,81.14 1 1
github.com/artziel/go-console/command.go:77.20,79.4 1 1
github.com/artziel/go-console/command.go:82.15,83.17 1 1
github.com/artziel/go-console/command.go:84.16,85.18 1 1
github.com/artziel/go-console/command.go:92.67,94.53 1 1
github.com/artziel/go-console/command.go:98.2,98.14 1 1
github.com/artziel/go-console/command.go:102.2,105.22 3 1
github.com/artziel/go-console/command.go:109.2,114.36 5 1
github.com/artziel/go-console/command.go:135.2,136.16 2 1
github.com/artziel/go-console/command.go:140.2,140.36 1 1
github.com/artziel/go-console/command.go:153.2,153.12 1 1
github.com/artziel/go-console/command.go:94.53,96.3 1 0
github.com/artziel/go-console/command.go:98.14,100.3 1 0
github.com/artziel/go-console/command.go:105.22,107.3 1 0
github.com/artziel/go-console/command.go:114.36,116.17 2 1
github.com/artziel/go-console/command.go:116.17,118.20 2 1
github.com/artziel/go-console/command.go:119.24,122.82 3 1
github.com/artziel/go-console/command.go:123.22,126.81 3 1
github.com/artziel/go-console/command.go:127.80,130.79 3 1
github.com/artziel/go-console/command.go:136.16,138.3 1 0
github.com/artziel/go-console/command.go:140.36,142.19 2 1
github.com/artziel/go-console/command.go:143.23,144.46 1 1
github.com/artziel/go-console/command.go:145.21,146.45 1 1
github.com/artziel/go-console/command.go:147.79,149.22 2 1
github.com/artziel/go-console/command.go:156.36,158.21 2 0
github.com/artziel/go-console/command.go:163.2,163.20 1 0
github.com/artziel/go-console/command.go:179.2,179.13 1 0
github.com/artziel/go-console/command.go:158.21,161.3 1 0
github.com/artziel/go-console/command.go:163.20,167.23 3 0
github.com/artziel/go-console/command.go:171.3,171.37 1 0
github.com/artziel/go-console/command.go:167.23,169.4 1 0
github.com/artziel/go-console/command.go:171.37,173.18 2 0
github.com/artziel/go-console/command.go:173.18,175.5 1 0
github.com/artziel/go-console/decorators.go:8.20,10.2 1 0
github.com/artziel/go-console/select_component.go:11.68,12.22 1 0
github.com/artziel/go-console/select_component.go:18.2,18.10 1 0
github.com/artziel/go-console/select_component.go:12.22,14.3 1 0
github.com/artziel/go-console/select_component.go:14.8,17.3 1 0
github.com/artziel/go-console/select_component.go:21.42,23.31 1 0
github.com/artziel/go-console/select_component.go:23.31,25.3 1 0
github.com/artziel/go-console/select_component.go:28.55,33.6 3 0
github.com/artziel/go-console/select_component.go:33.6,35.35 2 0
github.com/artziel/go-console/select_component.go:35.35,37.4 1 0
github.com/artziel/go-console/select_component.go:41.50,47.2 2 0
github.com/artziel/go-console/system.go:13.29,15.16 2 0
github.com/artziel/go-console/system.go:18.2,18.44 1 0
github.com/artziel/go-console/system.go:15.16,17.3 1 0
github.com/artziel/go-console/system.go:21.38,25.2 3 0
github.com/artziel/go-console/utilities.go:13.26,18.2 4 0
github.com/artziel/go-console/utilities.go:20.20,25.47 4 0
github.com/artziel/go-console/utilities.go:29.2,29.10 1 0
github.com/artziel/go-console/utilities.go:25.47,27.3 1 0
github.com/artziel/go-console/utilities.go:32.31,36.2 3 0
github.com/artziel/go-console/utilities.go:38.25,42.2 3 0
github.com/artziel/go-console/utilities.go:43.23,47.2 3 0
github.com/artziel/go-console/utilities.go:49.14,56.8 3 0
github.com/artziel/go-console/utilities.go:56.8,58.3 1 0
github.com/artziel/go-console/utilities.go:61.50,66.29 4 0
github.com/artziel/go-console/utilities.go:75.2,77.15 2 0
github.com/artziel/go-console/utilities.go:66.29,67.52 1 0
github.com/artziel/go-console/utilities.go:67.52,70.4 2 0
github.com/artziel/go-console/utilities.go:70.9,72.4 1 0
github.com/artziel/go-console/utilities.go:80.52,85.23 3 0
github.com/artziel/go-console/utilities.go:89.2,89.24 1 0
github.com/artziel/go-console/utilities.go:85.23,87.3 1 0
github.com/artziel/go-console/utilities.go:92.44,94.2 1 0
github.com/artziel/go-console/utilities.go:96.26,98.2 1 0
github.com/artziel/go-console/utilities.go:100.51,102.2 1 0
github.com/artziel/go-console/sample/sample.go:16.13,30.39 2 0
github.com/artziel/go-console/sample/sample.go:53.2,53.46 1 0
github.com/artziel/go-console/sample/sample.go:30.39,34.6 3 0
github.com/artziel/go-console/sample/sample.go:44.39,48.6 3 0
github.com/artziel/go-console/sample/sample.go:53.46,55.3 1 0
github.com/artziel/go-console/confirm_component.go:18.42,22.6 3 0
github.com/artziel/go-console/confirm_component.go:22.6,27.44 4 0
github.com/artziel/go-console/confirm_component.go:27.44,29.4 1 0
github.com/artziel/go-console/confirm_component.go:29.9,29.50 1 0
github.com/artziel/go-console/confirm_component.go:29.50,31.4 1 0
github.com/artziel/go-console/confirm_component.go:31.9,33.4 1 0
github.com/artziel/go-console/confirm_component.go:37.71,44.2 2 0
github.com/artziel/go-console/root.go:13.41,16.19 2 1
github.com/artziel/go-console/root.go:28.2,28.41 1 1
github.com/artziel/go-console/root.go:32.2,33.46 2 1
github.com/artziel/go-console/root.go:37.2,37.12 1 1
github.com/artziel/go-console/root.go:16.19,17.43 1 1
github.com/artziel/go-console/root.go:22.3,22.65 1 1
github.com/artziel/go-console/root.go:17.43,20.4 2 0
github.com/artziel/go-console/root.go:22.65,25.4 2 1
github.com/artziel/go-console/root.go:28.41,30.3 1 0
github.com/artziel/go-console/root.go:33.46,35.3 1 0
github.com/artziel/go-console/root.go:40.30,42.35 2 0
github.com/artziel/go-console/root.go:51.2,51.13 1 0
github.com/artziel/go-console/root.go:42.35,43.16 1 0
github.com/artziel/go-console/root.go:48.3,48.51 1 0
github.com/artziel/go-console/root.go:43.16,45.4 1 0
github.com/artziel/go-console/root.go:45.9,47.4 1 0
github.com/artziel/go-console/root.go:54.28,56.2 1 0
